android/app/build/intermediates/manifest_merge_blame_file/release/processReleaseMainManifest/manifest-merger-blame-release-report.txt
1<?xml version="1.0" encoding="utf-8"?>
2<manifest xmlns:android="http://schemas.android.com/apk/res/android"
3    package="com.example.celllogger"
4    android:versionCode="1"
5    android:versionName="1.0" >
6
7    <uses-sdk
8        android:minSdkVersion="26"
9        android:targetSdkVersion="34" />
10
11    <uses-permission android:name="android.permission.ACCESS_FINE_LOCATION" />
11-->src\main\AndroidManifest.xml:4:5-79
11-->src\main\AndroidManifest.xml:4:22-76
12    <uses-permission android:name="android.permission.ACCESS_COARSE_LOCATION" />
12-->src\main\AndroidManifest.xml:5:5-81
12-->src\main\AndroidManifest.xml:5:22-78
13    <uses-permission android:name="android.permission.READ_PHONE_STATE" />
13-->src\main\AndroidManifest.xml:6:5-75
13-->src\main\AndroidManifest.xml:6:22-72
14    <uses-permission android:name="android.permission.INTERNET" />
14-->src\main\AndroidManifest.xml:7:5-67
14-->src\main\AndroidManifest.xml:7:22-64
15
16    <application
16-->src\main\AndroidManifest.xml:9:5-27:19
17        android:allowBackup="true"
17-->src\main\AndroidManifest.xml:10:9-35
18        android:appComponentFactory="androidx.core.app.CoreComponentFactory"
18-->[androidx.core:core:1.2.0] AndroidManifest.xml:24:18-86
19        android:extractNativeLibs="false"
20        android:icon="@android:drawable/sym_def_app_icon"
20-->src\main\AndroidManifest.xml:12:9-58
21        android:label="CellLogger" >
21-->src\main\AndroidManifest.xml:11:9-35
22        <service
22-->src\main\AndroidManifest.xml:14:9-17:40
23            android:name="com.example.celllogger.CellLoggerService"
23-->src\main\AndroidManifest.xml:15:13-68
24            android:enabled="true"
24-->src\main\AndroidManifest.xml:16:13-35
25            android:exported="false" />
25-->src\main\AndroidManifest.xml:17:13-37
26
27        <activity
27-->src\main\AndroidManifest.xml:19:9-26:20
28            android:name="com.example.celllogger.MainActivity"
28-->src\main\AndroidManifest.xml:20:13-63
29            android:exported="true" >
29-->src\main\AndroidManifest.xml:21:13-36
30            <intent-filter>
30-->src\main\AndroidManifest.xml:22:17-25:33
31                <action android:name="android.intent.action.MAIN" />
31-->src\main\AndroidManifest.xml:23:21-73
31-->src\main\AndroidManifest.xml:23:29-70
32
33                <category android:name="android.intent.category.LAUNCHER" />
33-->src\main\AndroidManifest.xml:24:21-81
33-->src\main\AndroidManifest.xml:24:31-78
34            </intent-filter>
35        </activity>
36        <activity
36-->[com.google.android.gms:play-services-base:18.1.0] AndroidManifest.xml:20:9-22:45
37            android:name="com.google.android.gms.common.api.GoogleApiActivity"
37-->[com.google.android.gms:play-services-base:18.1.0] AndroidManifest.xml:20:19-85
38            android:exported="false"
38-->[com.google.android.gms:play-services-base:18.1.0] AndroidManifest.xml:22:19-43
39            android:theme="@android:style/Theme.Translucent.NoTitleBar" />
39-->[com.google.android.gms:play-services-base:18.1.0] AndroidManifest.xml:21:19-78
40
41        <meta-data
41-->[com.google.android.gms:play-services-basement:18.1.0] AndroidManifest.xml:21:9-23:69
42            android:name="com.google.android.gms.version"
42-->[com.google.android.gms:play-services-basement:18.1.0] AndroidManifest.xml:22:13-58
43            android:value="@integer/google_play_services_version" />
43-->[com.google.android.gms:play-services-basement:18.1.0] AndroidManifest.xml:23:13-66
44    </application>
45
46</manifest>